<?xml version="1.0" encoding="UTF-8"?>
<testsuite xmlns:xsi="http://www.w3.org/2001/XMLSchema-instance" xsi:noNamespaceSchemaLocation="https://maven.apache.org/surefire/maven-surefire-plugin/xsd/surefire-test-report-3.0.xsd" version="3.0" name="dat3.cars.service.MemberServiceH2Test" time="2.331" tests="13" errors="0" skipped="0" failures="0">
  <properties>
    <property name="java.specification.version" value="20"/>
    <property name="sun.cpu.isalist" value="amd64"/>
    <property name="sun.jnu.encoding" value="Cp1252"/>
    <property name="java.class.path" value="C:\Users\laura\OneDrive\Skrivebord\3Semester\Programmering\Cars\target\test-classes;C:\Users\laura\OneDrive\Skrivebord\3Semester\Programmering\Cars\target\classes;C:\Users\laura\.m2\repository\org\springframework\boot\spring-boot-starter-data-jpa\3.1.2\spring-boot-starter-data-jpa-3.1.2.jar;C:\Users\laura\.m2\repository\org\springframework\boot\spring-boot-starter-aop\3.1.2\spring-boot-starter-aop-3.1.2.jar;C:\Users\laura\.m2\repository\org\aspectj\aspectjweaver\1.9.19\aspectjweaver-1.9.19.jar;C:\Users\laura\.m2\repository\org\springframework\boot\spring-boot-starter-jdbc\3.1.2\spring-boot-starter-jdbc-3.1.2.jar;C:\Users\laura\.m2\repository\com\zaxxer\HikariCP\5.0.1\HikariCP-5.0.1.jar;C:\Users\laura\.m2\repository\org\springframework\spring-jdbc\6.0.11\spring-jdbc-6.0.11.jar;C:\Users\laura\.m2\repository\org\hibernate\orm\hibernate-core\6.2.6.Final\hibernate-core-6.2.6.Final.jar;C:\Users\laura\.m2\repository\jakarta\persistence\jakarta.persistence-api\3.1.0\jakarta.persistence-api-3.1.0.jar;C:\Users\laura\.m2\repository\jakarta\transaction\jakarta.transaction-api\2.0.1\jakarta.transaction-api-2.0.1.jar;C:\Users\laura\.m2\repository\org\jboss\logging\jboss-logging\3.5.3.Final\jboss-logging-3.5.3.Final.jar;C:\Users\laura\.m2\repository\org\hibernate\common\hibernate-commons-annotations\6.0.6.Final\hibernate-commons-annotations-6.0.6.Final.jar;C:\Users\laura\.m2\repository\io\smallrye\jandex\3.0.5\jandex-3.0.5.jar;C:\Users\laura\.m2\repository\com\fasterxml\classmate\1.5.1\classmate-1.5.1.jar;C:\Users\laura\.m2\repository\net\bytebuddy\byte-buddy\1.14.5\byte-buddy-1.14.5.jar;C:\Users\laura\.m2\repository\org\glassfish\jaxb\jaxb-runtime\4.0.3\jaxb-runtime-4.0.3.jar;C:\Users\laura\.m2\repository\org\glassfish\jaxb\jaxb-core\4.0.3\jaxb-core-4.0.3.jar;C:\Users\laura\.m2\repository\org\eclipse\angus\angus-activation\2.0.1\angus-activation-2.0.1.jar;C:\Users\laura\.m2\repository\org\glassfish\jaxb\txw2\4.0.3\txw2-4.0.3.jar;C:\Users\laura\.m2\repository\com\sun\istack\istack-commons-runtime\4.1.2\istack-commons-runtime-4.1.2.jar;C:\Users\laura\.m2\repository\jakarta\inject\jakarta.inject-api\2.0.1\jakarta.inject-api-2.0.1.jar;C:\Users\laura\.m2\repository\org\antlr\antlr4-runtime\4.10.1\antlr4-runtime-4.10.1.jar;C:\Users\laura\.m2\repository\org\springframework\data\spring-data-jpa\3.1.2\spring-data-jpa-3.1.2.jar;C:\Users\laura\.m2\repository\org\springframework\data\spring-data-commons\3.1.2\spring-data-commons-3.1.2.jar;C:\Users\laura\.m2\repository\org\springframework\spring-orm\6.0.11\spring-orm-6.0.11.jar;C:\Users\laura\.m2\repository\org\springframework\spring-context\6.0.11\spring-context-6.0.11.jar;C:\Users\laura\.m2\repository\org\springframework\spring-tx\6.0.11\spring-tx-6.0.11.jar;C:\Users\laura\.m2\repository\org\springframework\spring-beans\6.0.11\spring-beans-6.0.11.jar;C:\Users\laura\.m2\repository\jakarta\annotation\jakarta.annotation-api\2.1.1\jakarta.annotation-api-2.1.1.jar;C:\Users\laura\.m2\repository\org\slf4j\slf4j-api\2.0.7\slf4j-api-2.0.7.jar;C:\Users\laura\.m2\repository\org\springframework\spring-aspects\6.0.11\spring-aspects-6.0.11.jar;C:\Users\laura\.m2\repository\org\springframework\boot\spring-boot-starter-web\3.1.2\spring-boot-starter-web-3.1.2.jar;C:\Users\laura\.m2\repository\org\springframework\boot\spring-boot-starter\3.1.2\spring-boot-starter-3.1.2.jar;C:\Users\laura\.m2\repository\org\springframework\boot\spring-boot-starter-logging\3.1.2\spring-boot-starter-logging-3.1.2.jar;C:\Users\laura\.m2\repository\ch\qos\logback\logback-classic\1.4.8\logback-classic-1.4.8.jar;C:\Users\laura\.m2\repository\ch\qos\logback\logback-core\1.4.8\logback-core-1.4.8.jar;C:\Users\laura\.m2\repository\org\apache\logging\log4j\log4j-to-slf4j\2.20.0\log4j-to-slf4j-2.20.0.jar;C:\Users\laura\.m2\repository\org\apache\logging\log4j\log4j-api\2.20.0\log4j-api-2.20.0.jar;C:\Users\laura\.m2\repository\org\slf4j\jul-to-slf4j\2.0.7\jul-to-slf4j-2.0.7.jar;C:\Users\laura\.m2\repository\org\yaml\snakeyaml\1.33\snakeyaml-1.33.jar;C:\Users\laura\.m2\repository\org\springframework\boot\spring-boot-starter-json\3.1.2\spring-boot-starter-json-3.1.2.jar;C:\Users\laura\.m2\repository\com\fasterxml\jackson\core\jackson-databind\2.15.2\jackson-databind-2.15.2.jar;C:\Users\laura\.m2\repository\com\fasterxml\jackson\core\jackson-annotations\2.15.2\jackson-annotations-2.15.2.jar;C:\Users\laura\.m2\repository\com\fasterxml\jackson\core\jackson-core\2.15.2\jackson-core-2.15.2.jar;C:\Users\laura\.m2\repository\com\fasterxml\jackson\datatype\jackson-datatype-jdk8\2.15.2\jackson-datatype-jdk8-2.15.2.jar;C:\Users\laura\.m2\repository\com\fasterxml\jackson\datatype\jackson-datatype-jsr310\2.15.2\jackson-datatype-jsr310-2.15.2.jar;C:\Users\laura\.m2\repository\com\fasterxml\jackson\module\jackson-module-parameter-names\2.15.2\jackson-module-parameter-names-2.15.2.jar;C:\Users\laura\.m2\repository\org\springframework\boot\spring-boot-starter-tomcat\3.1.2\spring-boot-starter-tomcat-3.1.2.jar;C:\Users\laura\.m2\repository\org\apache\tomcat\embed\tomcat-embed-core\10.1.11\tomcat-embed-core-10.1.11.jar;C:\Users\laura\.m2\repository\org\apache\tomcat\embed\tomcat-embed-el\10.1.11\tomcat-embed-el-10.1.11.jar;C:\Users\laura\.m2\repository\org\apache\tomcat\embed\tomcat-embed-websocket\10.1.11\tomcat-embed-websocket-10.1.11.jar;C:\Users\laura\.m2\repository\org\springframework\spring-web\6.0.11\spring-web-6.0.11.jar;C:\Users\laura\.m2\repository\io\micrometer\micrometer-observation\1.11.2\micrometer-observation-1.11.2.jar;C:\Users\laura\.m2\repository\io\micrometer\micrometer-commons\1.11.2\micrometer-commons-1.11.2.jar;C:\Users\laura\.m2\repository\org\springframework\spring-webmvc\6.0.11\spring-webmvc-6.0.11.jar;C:\Users\laura\.m2\repository\org\springframework\spring-expression\6.0.11\spring-expression-6.0.11.jar;C:\Users\laura\.m2\repository\org\springframework\boot\spring-boot-devtools\3.1.2\spring-boot-devtools-3.1.2.jar;C:\Users\laura\.m2\repository\org\springframework\boot\spring-boot\3.1.2\spring-boot-3.1.2.jar;C:\Users\laura\.m2\repository\org\springframework\boot\spring-boot-autoconfigure\3.1.2\spring-boot-autoconfigure-3.1.2.jar;C:\Users\laura\.m2\repository\com\h2database\h2\2.1.214\h2-2.1.214.jar;C:\Users\laura\.m2\repository\com\mysql\mysql-connector-j\8.0.33\mysql-connector-j-8.0.33.jar;C:\Users\laura\.m2\repository\org\projectlombok\lombok\1.18.28\lombok-1.18.28.jar;C:\Users\laura\.m2\repository\org\springframework\boot\spring-boot-starter-test\3.1.2\spring-boot-starter-test-3.1.2.jar;C:\Users\laura\.m2\repository\org\springframework\boot\spring-boot-test\3.1.2\spring-boot-test-3.1.2.jar;C:\Users\laura\.m2\repository\org\springframework\boot\spring-boot-test-autoconfigure\3.1.2\spring-boot-test-autoconfigure-3.1.2.jar;C:\Users\laura\.m2\repository\com\jayway\jsonpath\json-path\2.8.0\json-path-2.8.0.jar;C:\Users\laura\.m2\repository\jakarta\xml\bind\jakarta.xml.bind-api\4.0.0\jakarta.xml.bind-api-4.0.0.jar;C:\Users\laura\.m2\repository\jakarta\activation\jakarta.activation-api\2.1.2\jakarta.activation-api-2.1.2.jar;C:\Users\laura\.m2\repository\net\minidev\json-smart\2.4.11\json-smart-2.4.11.jar;C:\Users\laura\.m2\repository\net\minidev\accessors-smart\2.4.11\accessors-smart-2.4.11.jar;C:\Users\laura\.m2\repository\org\ow2\asm\asm\9.3\asm-9.3.jar;C:\Users\laura\.m2\repository\org\assertj\assertj-core\3.24.2\assertj-core-3.24.2.jar;C:\Users\laura\.m2\repository\org\hamcrest\hamcrest\2.2\hamcrest-2.2.jar;C:\Users\laura\.m2\repository\org\junit\jupiter\junit-jupiter\5.9.3\junit-jupiter-5.9.3.jar;C:\Users\laura\.m2\repository\org\junit\jupiter\junit-jupiter-api\5.9.3\junit-jupiter-api-5.9.3.jar;C:\Users\laura\.m2\repository\org\opentest4j\opentest4j\1.2.0\opentest4j-1.2.0.jar;C:\Users\laura\.m2\repository\org\junit\platform\junit-platform-commons\1.9.3\junit-platform-commons-1.9.3.jar;C:\Users\laura\.m2\repository\org\apiguardian\apiguardian-api\1.1.2\apiguardian-api-1.1.2.jar;C:\Users\laura\.m2\repository\org\junit\jupiter\junit-jupiter-params\5.9.3\junit-jupiter-params-5.9.3.jar;C:\Users\laura\.m2\repository\org\junit\jupiter\junit-jupiter-engine\5.9.3\junit-jupiter-engine-5.9.3.jar;C:\Users\laura\.m2\repository\org\junit\platform\junit-platform-engine\1.9.3\junit-platform-engine-1.9.3.jar;C:\Users\laura\.m2\repository\org\mockito\mockito-core\5.3.1\mockito-core-5.3.1.jar;C:\Users\laura\.m2\repository\net\bytebuddy\byte-buddy-agent\1.14.5\byte-buddy-agent-1.14.5.jar;C:\Users\laura\.m2\repository\org\objenesis\objenesis\3.3\objenesis-3.3.jar;C:\Users\laura\.m2\repository\org\mockito\mockito-junit-jupiter\5.3.1\mockito-junit-jupiter-5.3.1.jar;C:\Users\laura\.m2\repository\org\skyscreamer\jsonassert\1.5.1\jsonassert-1.5.1.jar;C:\Users\laura\.m2\repository\com\vaadin\external\google\android-json\0.0.20131108.vaadin1\android-json-0.0.20131108.vaadin1.jar;C:\Users\laura\.m2\repository\org\springframework\spring-core\6.0.11\spring-core-6.0.11.jar;C:\Users\laura\.m2\repository\org\springframework\spring-jcl\6.0.11\spring-jcl-6.0.11.jar;C:\Users\laura\.m2\repository\org\springframework\spring-test\6.0.11\spring-test-6.0.11.jar;C:\Users\laura\.m2\repository\org\xmlunit\xmlunit-core\2.9.1\xmlunit-core-2.9.1.jar;C:\Users\laura\.m2\repository\org\springframework\boot\spring-boot-starter-oauth2-resource-server\3.1.2\spring-boot-starter-oauth2-resource-server-3.1.2.jar;C:\Users\laura\.m2\repository\org\springframework\security\spring-security-config\6.1.2\spring-security-config-6.1.2.jar;C:\Users\laura\.m2\repository\org\springframework\security\spring-security-core\6.1.2\spring-security-core-6.1.2.jar;C:\Users\laura\.m2\repository\org\springframework\security\spring-security-crypto\6.1.2\spring-security-crypto-6.1.2.jar;C:\Users\laura\.m2\repository\org\springframework\security\spring-security-oauth2-resource-server\6.1.2\spring-security-oauth2-resource-server-6.1.2.jar;C:\Users\laura\.m2\repository\org\springframework\security\spring-security-oauth2-core\6.1.2\spring-security-oauth2-core-6.1.2.jar;C:\Users\laura\.m2\repository\org\springframework\security\spring-security-oauth2-jose\6.1.2\spring-security-oauth2-jose-6.1.2.jar;C:\Users\laura\.m2\repository\com\nimbusds\nimbus-jose-jwt\9.31\nimbus-jose-jwt-9.31.jar;C:\Users\laura\.m2\repository\com\github\stephenc\jcip\jcip-annotations\1.0-1\jcip-annotations-1.0-1.jar;C:\Users\laura\.m2\repository\org\springframework\boot\spring-boot-starter-security\3.1.2\spring-boot-starter-security-3.1.2.jar;C:\Users\laura\.m2\repository\org\springframework\spring-aop\6.0.11\spring-aop-6.0.11.jar;C:\Users\laura\.m2\repository\org\springframework\security\spring-security-web\6.1.2\spring-security-web-6.1.2.jar;C:\Users\laura\.m2\repository\org\springframework\security\spring-security-test\6.1.2\spring-security-test-6.1.2.jar;"/>
    <property name="java.vm.vendor" value="Oracle Corporation"/>
    <property name="sun.arch.data.model" value="64"/>
    <property name="user.variant" value=""/>
    <property name="java.vendor.url" value="https://java.oracle.com/"/>
    <property name="user.timezone" value="Europe/Copenhagen"/>
    <property name="org.jboss.logging.provider" value="slf4j"/>
    <property name="os.name" value="Windows 11"/>
    <property name="java.vm.specification.version" value="20"/>
    <property name="sun.java.launcher" value="SUN_STANDARD"/>
    <property name="user.country" value="DK"/>
    <property name="sun.boot.library.path" value="C:\Users\laura\.jdks\openjdk-20.0.2\bin"/>
    <property name="sun.java.command" value="C:\Users\laura\AppData\Local\Temp\surefire16692034473757922047\surefirebooter-20230924164903999_3.jar C:\Users\laura\AppData\Local\Temp\surefire16692034473757922047 2023-09-24T16-49-03_790-jvmRun1 surefire-20230924164903999_1tmp surefire_0-20230924164903999_2tmp"/>
    <property name="jdk.debug" value="release"/>
    <property name="surefire.test.class.path" value="C:\Users\laura\OneDrive\Skrivebord\3Semester\Programmering\Cars\target\test-classes;C:\Users\laura\OneDrive\Skrivebord\3Semester\Programmering\Cars\target\classes;C:\Users\laura\.m2\repository\org\springframework\boot\spring-boot-starter-data-jpa\3.1.2\spring-boot-starter-data-jpa-3.1.2.jar;C:\Users\laura\.m2\repository\org\springframework\boot\spring-boot-starter-aop\3.1.2\spring-boot-starter-aop-3.1.2.jar;C:\Users\laura\.m2\repository\org\aspectj\aspectjweaver\1.9.19\aspectjweaver-1.9.19.jar;C:\Users\laura\.m2\repository\org\springframework\boot\spring-boot-starter-jdbc\3.1.2\spring-boot-starter-jdbc-3.1.2.jar;C:\Users\laura\.m2\repository\com\zaxxer\HikariCP\5.0.1\HikariCP-5.0.1.jar;C:\Users\laura\.m2\repository\org\springframework\spring-jdbc\6.0.11\spring-jdbc-6.0.11.jar;C:\Users\laura\.m2\repository\org\hibernate\orm\hibernate-core\6.2.6.Final\hibernate-core-6.2.6.Final.jar;C:\Users\laura\.m2\repository\jakarta\persistence\jakarta.persistence-api\3.1.0\jakarta.persistence-api-3.1.0.jar;C:\Users\laura\.m2\repository\jakarta\transaction\jakarta.transaction-api\2.0.1\jakarta.transaction-api-2.0.1.jar;C:\Users\laura\.m2\repository\org\jboss\logging\jboss-logging\3.5.3.Final\jboss-logging-3.5.3.Final.jar;C:\Users\laura\.m2\repository\org\hibernate\common\hibernate-commons-annotations\6.0.6.Final\hibernate-commons-annotations-6.0.6.Final.jar;C:\Users\laura\.m2\repository\io\smallrye\jandex\3.0.5\jandex-3.0.5.jar;C:\Users\laura\.m2\repository\com\fasterxml\classmate\1.5.1\classmate-1.5.1.jar;C:\Users\laura\.m2\repository\net\bytebuddy\byte-buddy\1.14.5\byte-buddy-1.14.5.jar;C:\Users\laura\.m2\repository\org\glassfish\jaxb\jaxb-runtime\4.0.3\jaxb-runtime-4.0.3.jar;C:\Users\laura\.m2\repository\org\glassfish\jaxb\jaxb-core\4.0.3\jaxb-core-4.0.3.jar;C:\Users\laura\.m2\repository\org\eclipse\angus\angus-activation\2.0.1\angus-activation-2.0.1.jar;C:\Users\laura\.m2\repository\org\glassfish\jaxb\txw2\4.0.3\txw2-4.0.3.jar;C:\Users\laura\.m2\repository\com\sun\istack\istack-commons-runtime\4.1.2\istack-commons-runtime-4.1.2.jar;C:\Users\laura\.m2\repository\jakarta\inject\jakarta.inject-api\2.0.1\jakarta.inject-api-2.0.1.jar;C:\Users\laura\.m2\repository\org\antlr\antlr4-runtime\4.10.1\antlr4-runtime-4.10.1.jar;C:\Users\laura\.m2\repository\org\springframework\data\spring-data-jpa\3.1.2\spring-data-jpa-3.1.2.jar;C:\Users\laura\.m2\repository\org\springframework\data\spring-data-commons\3.1.2\spring-data-commons-3.1.2.jar;C:\Users\laura\.m2\repository\org\springframework\spring-orm\6.0.11\spring-orm-6.0.11.jar;C:\Users\laura\.m2\repository\org\springframework\spring-context\6.0.11\spring-context-6.0.11.jar;C:\Users\laura\.m2\repository\org\springframework\spring-tx\6.0.11\spring-tx-6.0.11.jar;C:\Users\laura\.m2\repository\org\springframework\spring-beans\6.0.11\spring-beans-6.0.11.jar;C:\Users\laura\.m2\repository\jakarta\annotation\jakarta.annotation-api\2.1.1\jakarta.annotation-api-2.1.1.jar;C:\Users\laura\.m2\repository\org\slf4j\slf4j-api\2.0.7\slf4j-api-2.0.7.jar;C:\Users\laura\.m2\repository\org\springframework\spring-aspects\6.0.11\spring-aspects-6.0.11.jar;C:\Users\laura\.m2\repository\org\springframework\boot\spring-boot-starter-web\3.1.2\spring-boot-starter-web-3.1.2.jar;C:\Users\laura\.m2\repository\org\springframework\boot\spring-boot-starter\3.1.2\spring-boot-starter-3.1.2.jar;C:\Users\laura\.m2\repository\org\springframework\boot\spring-boot-starter-logging\3.1.2\spring-boot-starter-logging-3.1.2.jar;C:\Users\laura\.m2\repository\ch\qos\logback\logback-classic\1.4.8\logback-classic-1.4.8.jar;C:\Users\laura\.m2\repository\ch\qos\logback\logback-core\1.4.8\logback-core-1.4.8.jar;C:\Users\laura\.m2\repository\org\apache\logging\log4j\log4j-to-slf4j\2.20.0\log4j-to-slf4j-2.20.0.jar;C:\Users\laura\.m2\repository\org\apache\logging\log4j\log4j-api\2.20.0\log4j-api-2.20.0.jar;C:\Users\laura\.m2\repository\org\slf4j\jul-to-slf4j\2.0.7\jul-to-slf4j-2.0.7.jar;C:\Users\laura\.m2\repository\org\yaml\snakeyaml\1.33\snakeyaml-1.33.jar;C:\Users\laura\.m2\repository\org\springframework\boot\spring-boot-starter-json\3.1.2\spring-boot-starter-json-3.1.2.jar;C:\Users\laura\.m2\repository\com\fasterxml\jackson\core\jackson-databind\2.15.2\jackson-databind-2.15.2.jar;C:\Users\laura\.m2\repository\com\fasterxml\jackson\core\jackson-annotations\2.15.2\jackson-annotations-2.15.2.jar;C:\Users\laura\.m2\repository\com\fasterxml\jackson\core\jackson-core\2.15.2\jackson-core-2.15.2.jar;C:\Users\laura\.m2\repository\com\fasterxml\jackson\datatype\jackson-datatype-jdk8\2.15.2\jackson-datatype-jdk8-2.15.2.jar;C:\Users\laura\.m2\repository\com\fasterxml\jackson\datatype\jackson-datatype-jsr310\2.15.2\jackson-datatype-jsr310-2.15.2.jar;C:\Users\laura\.m2\repository\com\fasterxml\jackson\module\jackson-module-parameter-names\2.15.2\jackson-module-parameter-names-2.15.2.jar;C:\Users\laura\.m2\repository\org\springframework\boot\spring-boot-starter-tomcat\3.1.2\spring-boot-starter-tomcat-3.1.2.jar;C:\Users\laura\.m2\repository\org\apache\tomcat\embed\tomcat-embed-core\10.1.11\tomcat-embed-core-10.1.11.jar;C:\Users\laura\.m2\repository\org\apache\tomcat\embed\tomcat-embed-el\10.1.11\tomcat-embed-el-10.1.11.jar;C:\Users\laura\.m2\repository\org\apache\tomcat\embed\tomcat-embed-websocket\10.1.11\tomcat-embed-websocket-10.1.11.jar;C:\Users\laura\.m2\repository\org\springframework\spring-web\6.0.11\spring-web-6.0.11.jar;C:\Users\laura\.m2\repository\io\micrometer\micrometer-observation\1.11.2\micrometer-observation-1.11.2.jar;C:\Users\laura\.m2\repository\io\micrometer\micrometer-commons\1.11.2\micrometer-commons-1.11.2.jar;C:\Users\laura\.m2\repository\org\springframework\spring-webmvc\6.0.11\spring-webmvc-6.0.11.jar;C:\Users\laura\.m2\repository\org\springframework\spring-expression\6.0.11\spring-expression-6.0.11.jar;C:\Users\laura\.m2\repository\org\springframework\boot\spring-boot-devtools\3.1.2\spring-boot-devtools-3.1.2.jar;C:\Users\laura\.m2\repository\org\springframework\boot\spring-boot\3.1.2\spring-boot-3.1.2.jar;C:\Users\laura\.m2\repository\org\springframework\boot\spring-boot-autoconfigure\3.1.2\spring-boot-autoconfigure-3.1.2.jar;C:\Users\laura\.m2\repository\com\h2database\h2\2.1.214\h2-2.1.214.jar;C:\Users\laura\.m2\repository\com\mysql\mysql-connector-j\8.0.33\mysql-connector-j-8.0.33.jar;C:\Users\laura\.m2\repository\org\projectlombok\lombok\1.18.28\lombok-1.18.28.jar;C:\Users\laura\.m2\repository\org\springframework\boot\spring-boot-starter-test\3.1.2\spring-boot-starter-test-3.1.2.jar;C:\Users\laura\.m2\repository\org\springframework\boot\spring-boot-test\3.1.2\spring-boot-test-3.1.2.jar;C:\Users\laura\.m2\repository\org\springframework\boot\spring-boot-test-autoconfigure\3.1.2\spring-boot-test-autoconfigure-3.1.2.jar;C:\Users\laura\.m2\repository\com\jayway\jsonpath\json-path\2.8.0\json-path-2.8.0.jar;C:\Users\laura\.m2\repository\jakarta\xml\bind\jakarta.xml.bind-api\4.0.0\jakarta.xml.bind-api-4.0.0.jar;C:\Users\laura\.m2\repository\jakarta\activation\jakarta.activation-api\2.1.2\jakarta.activation-api-2.1.2.jar;C:\Users\laura\.m2\repository\net\minidev\json-smart\2.4.11\json-smart-2.4.11.jar;C:\Users\laura\.m2\repository\net\minidev\accessors-smart\2.4.11\accessors-smart-2.4.11.jar;C:\Users\laura\.m2\repository\org\ow2\asm\asm\9.3\asm-9.3.jar;C:\Users\laura\.m2\repository\org\assertj\assertj-core\3.24.2\assertj-core-3.24.2.jar;C:\Users\laura\.m2\repository\org\hamcrest\hamcrest\2.2\hamcrest-2.2.jar;C:\Users\laura\.m2\repository\org\junit\jupiter\junit-jupiter\5.9.3\junit-jupiter-5.9.3.jar;C:\Users\laura\.m2\repository\org\junit\jupiter\junit-jupiter-api\5.9.3\junit-jupiter-api-5.9.3.jar;C:\Users\laura\.m2\repository\org\opentest4j\opentest4j\1.2.0\opentest4j-1.2.0.jar;C:\Users\laura\.m2\repository\org\junit\platform\junit-platform-commons\1.9.3\junit-platform-commons-1.9.3.jar;C:\Users\laura\.m2\repository\org\apiguardian\apiguardian-api\1.1.2\apiguardian-api-1.1.2.jar;C:\Users\laura\.m2\repository\org\junit\jupiter\junit-jupiter-params\5.9.3\junit-jupiter-params-5.9.3.jar;C:\Users\laura\.m2\repository\org\junit\jupiter\junit-jupiter-engine\5.9.3\junit-jupiter-engine-5.9.3.jar;C:\Users\laura\.m2\repository\org\junit\platform\junit-platform-engine\1.9.3\junit-platform-engine-1.9.3.jar;C:\Users\laura\.m2\repository\org\mockito\mockito-core\5.3.1\mockito-core-5.3.1.jar;C:\Users\laura\.m2\repository\net\bytebuddy\byte-buddy-agent\1.14.5\byte-buddy-agent-1.14.5.jar;C:\Users\laura\.m2\repository\org\objenesis\objenesis\3.3\objenesis-3.3.jar;C:\Users\laura\.m2\repository\org\mockito\mockito-junit-jupiter\5.3.1\mockito-junit-jupiter-5.3.1.jar;C:\Users\laura\.m2\repository\org\skyscreamer\jsonassert\1.5.1\jsonassert-1.5.1.jar;C:\Users\laura\.m2\repository\com\vaadin\external\google\android-json\0.0.20131108.vaadin1\android-json-0.0.20131108.vaadin1.jar;C:\Users\laura\.m2\repository\org\springframework\spring-core\6.0.11\spring-core-6.0.11.jar;C:\Users\laura\.m2\repository\org\springframework\spring-jcl\6.0.11\spring-jcl-6.0.11.jar;C:\Users\laura\.m2\repository\org\springframework\spring-test\6.0.11\spring-test-6.0.11.jar;C:\Users\laura\.m2\repository\org\xmlunit\xmlunit-core\2.9.1\xmlunit-core-2.9.1.jar;C:\Users\laura\.m2\repository\org\springframework\boot\spring-boot-starter-oauth2-resource-server\3.1.2\spring-boot-starter-oauth2-resource-server-3.1.2.jar;C:\Users\laura\.m2\repository\org\springframework\security\spring-security-config\6.1.2\spring-security-config-6.1.2.jar;C:\Users\laura\.m2\repository\org\springframework\security\spring-security-core\6.1.2\spring-security-core-6.1.2.jar;C:\Users\laura\.m2\repository\org\springframework\security\spring-security-crypto\6.1.2\spring-security-crypto-6.1.2.jar;C:\Users\laura\.m2\repository\org\springframework\security\spring-security-oauth2-resource-server\6.1.2\spring-security-oauth2-resource-server-6.1.2.jar;C:\Users\laura\.m2\repository\org\springframework\security\spring-security-oauth2-core\6.1.2\spring-security-oauth2-core-6.1.2.jar;C:\Users\laura\.m2\repository\org\springframework\security\spring-security-oauth2-jose\6.1.2\spring-security-oauth2-jose-6.1.2.jar;C:\Users\laura\.m2\repository\com\nimbusds\nimbus-jose-jwt\9.31\nimbus-jose-jwt-9.31.jar;C:\Users\laura\.m2\repository\com\github\stephenc\jcip\jcip-annotations\1.0-1\jcip-annotations-1.0-1.jar;C:\Users\laura\.m2\repository\org\springframework\boot\spring-boot-starter-security\3.1.2\spring-boot-starter-security-3.1.2.jar;C:\Users\laura\.m2\repository\org\springframework\spring-aop\6.0.11\spring-aop-6.0.11.jar;C:\Users\laura\.m2\repository\org\springframework\security\spring-security-web\6.1.2\spring-security-web-6.1.2.jar;C:\Users\laura\.m2\repository\org\springframework\security\spring-security-test\6.1.2\spring-security-test-6.1.2.jar;"/>
    <property name="sun.cpu.endian" value="little"/>
    <property name="user.home" value="C:\Users\laura"/>
    <property name="user.language" value="da"/>
    <property name="java.specification.vendor" value="Oracle Corporation"/>
    <property name="java.version.date" value="2023-07-18"/>
    <property name="java.home" value="C:\Users\laura\.jdks\openjdk-20.0.2"/>
    <property name="file.separator" value="\"/>
    <property name="basedir" value="C:\Users\laura\OneDrive\Skrivebord\3Semester\Programmering\Cars"/>
    <property name="java.vm.compressedOopsMode" value="Zero based"/>
    <property name="line.separator" value="&#10;"/>
    <property name="java.vm.specification.vendor" value="Oracle Corporation"/>
    <property name="java.specification.name" value="Java Platform API Specification"/>
    <property name="FILE_LOG_CHARSET" value="UTF-8"/>
    <property name="java.awt.headless" value="true"/>
    <property name="surefire.real.class.path" value="C:\Users\laura\AppData\Local\Temp\surefire16692034473757922047\surefirebooter-20230924164903999_3.jar"/>
    <property name="user.script" value=""/>
    <property name="sun.management.compiler" value="HotSpot 64-Bit Tiered Compilers"/>
    <property name="java.runtime.version" value="20.0.2+9-78"/>
    <property name="user.name" value="laura"/>
    <property name="stdout.encoding" value="Cp1252"/>
    <property name="path.separator" value=";"/>
    <property name="os.version" value="10.0"/>
    <property name="java.runtime.name" value="OpenJDK Runtime Environment"/>
    <property name="file.encoding" value="UTF-8"/>
    <property name="java.vm.name" value="OpenJDK 64-Bit Server VM"/>
    <property name="localRepository" value="C:\Users\laura\.m2\repository"/>
    <property name="java.vendor.url.bug" value="https://bugreport.java.com/bugreport/"/>
    <property name="java.io.tmpdir" value="C:\Users\laura\AppData\Local\Temp\"/>
    <property name="idea.version" value="2023.1.4"/>
    <property name="java.version" value="20.0.2"/>
    <property name="user.dir" value="C:\Users\laura\OneDrive\Skrivebord\3Semester\Programmering\Cars"/>
    <property name="os.arch" value="amd64"/>
    <property name="java.vm.specification.name" value="Java Virtual Machine Specification"/>
    <property name="PID" value="1460"/>
    <property name="sun.os.patch.level" value=""/>
    <property name="CONSOLE_LOG_CHARSET" value="UTF-8"/>
    <property name="native.encoding" value="Cp1252"/>
    <property name="java.library.path" value="C:\Users\laura\.jdks\openjdk-20.0.2\bin;C:\WINDOWS\Sun\Java\bin;C:\WINDOWS\system32;C:\WINDOWS;C:\Python311\Scripts\;C:\Python311\;C:\WINDOWS\system32;C:\WINDOWS;C:\WINDOWS\System32\Wbem;C:\WINDOWS\System32\WindowsPowerShell\v1.0\;C:\WINDOWS\System32\OpenSSH\;C:\Program Files\Git\cmd;C:\Program Files\nodejs\;C:\ProgramData\chocolatey\bin;C:\Program Files\Java\jdk-17;C:\Users\laura\AppData\Local\Microsoft\WindowsApps;;C:\Users\laura\AppData\Local\Programs\Microsoft VS Code\bin;C:\Users\laura\AppData\Roaming\npm;."/>
    <property name="java.vm.info" value="mixed mode, sharing"/>
    <property name="stderr.encoding" value="Cp1252"/>
    <property name="java.vendor" value="Oracle Corporation"/>
    <property name="java.vm.version" value="20.0.2+9-78"/>
    <property name="sun.io.unicode.encoding" value="UnicodeLittle"/>
    <property name="java.class.version" value="64.0"/>
  </properties>
  <testcase name="testDeleteMember_ThatDontExist" classname="dat3.cars.service.MemberServiceH2Test" time="0.158">
    <system-out><![CDATA[2023-09-24T16:49:13.572+02:00  INFO 1460 --- [           main] t.c.s.AnnotationConfigContextLoaderUtils : Could not detect default configuration classes for test class [dat3.cars.service.MemberServiceH2Test]: MemberServiceH2Test does not declare any static, non-private, non-final, nested classes annotated with @Configuration.
2023-09-24T16:49:13.583+02:00  INFO 1460 --- [           main] .b.t.c.SpringBootTestContextBootstrapper : Found @SpringBootConfiguration dat3.CarsApplication for test class dat3.cars.service.MemberServiceH2Test
Hibernate: select m1_0.username,m1_0.created,m1_0.edited,m1_0.email,m1_0.enabled,m1_0.password,m1_0.member_approved,m1_0.member_city,m1_0.member_fname,m1_0.member_lname,m1_0.member_ranking,m1_0.street,m1_0.member_zip,r1_0.user_with_roles_username,r1_0.roles from user_with_roles m1_0 left join security_role r1_0 on m1_0.username=r1_0.user_with_roles_username where m1_0.discriminator_type='Member' and m1_0.username=?
Hibernate: select m1_0.username,m1_0.created,m1_0.edited,m1_0.email,m1_0.enabled,m1_0.password,m1_0.member_approved,m1_0.member_city,m1_0.member_fname,m1_0.member_lname,m1_0.member_ranking,m1_0.street,m1_0.member_zip,r1_0.user_with_roles_username,r1_0.roles from user_with_roles m1_0 left join security_role r1_0 on m1_0.username=r1_0.user_with_roles_username where m1_0.discriminator_type='Member' and m1_0.username=?
Hibernate: select m1_0.username,m1_0.created,m1_0.edited,m1_0.email,m1_0.enabled,m1_0.password,m1_0.member_approved,m1_0.member_city,m1_0.member_fname,m1_0.member_lname,m1_0.member_ranking,m1_0.street,m1_0.member_zip,r1_0.user_with_roles_username,r1_0.roles from user_with_roles m1_0 left join security_role r1_0 on m1_0.username=r1_0.user_with_roles_username where m1_0.discriminator_type='Member' and m1_0.username=?
]]></system-out>
  </testcase>
  <testcase name="testGetMembersAllDetails" classname="dat3.cars.service.MemberServiceH2Test" time="0.157">
    <system-out><![CDATA[Hibernate: select m1_0.username,m1_0.created,m1_0.edited,m1_0.email,m1_0.enabled,m1_0.password,m1_0.member_approved,m1_0.member_city,m1_0.member_fname,m1_0.member_lname,m1_0.member_ranking,m1_0.street,m1_0.member_zip,r1_0.user_with_roles_username,r1_0.roles from user_with_roles m1_0 left join security_role r1_0 on m1_0.username=r1_0.user_with_roles_username where m1_0.discriminator_type='Member' and m1_0.username=?
Hibernate: select m1_0.username,m1_0.created,m1_0.edited,m1_0.email,m1_0.enabled,m1_0.password,m1_0.member_approved,m1_0.member_city,m1_0.member_fname,m1_0.member_lname,m1_0.member_ranking,m1_0.street,m1_0.member_zip,r1_0.user_with_roles_username,r1_0.roles from user_with_roles m1_0 left join security_role r1_0 on m1_0.username=r1_0.user_with_roles_username where m1_0.discriminator_type='Member' and m1_0.username=?
Hibernate: insert into user_with_roles (created,edited,email,enabled,password,member_approved,member_city,member_fname,member_lname,member_ranking,street,member_zip,discriminator_type,username) values (?,?,?,?,?,?,?,?,?,?,?,?,'Member',?)
Hibernate: insert into user_with_roles (created,edited,email,enabled,password,member_approved,member_city,member_fname,member_lname,member_ranking,street,member_zip,discriminator_type,username) values (?,?,?,?,?,?,?,?,?,?,?,?,'Member',?)
Hibernate: select m1_0.username,m1_0.created,m1_0.edited,m1_0.email,m1_0.enabled,m1_0.password,m1_0.member_approved,m1_0.member_city,m1_0.member_fname,m1_0.member_lname,m1_0.member_ranking,m1_0.street,m1_0.member_zip from user_with_roles m1_0 where m1_0.discriminator_type='Member'
]]></system-out>
  </testcase>
  <testcase name="testSetRankingForUser" classname="dat3.cars.service.MemberServiceH2Test" time="0.157">
    <system-out><![CDATA[Hibernate: select m1_0.username,m1_0.created,m1_0.edited,m1_0.email,m1_0.enabled,m1_0.password,m1_0.member_approved,m1_0.member_city,m1_0.member_fname,m1_0.member_lname,m1_0.member_ranking,m1_0.street,m1_0.member_zip,r1_0.user_with_roles_username,r1_0.roles from user_with_roles m1_0 left join security_role r1_0 on m1_0.username=r1_0.user_with_roles_username where m1_0.discriminator_type='Member' and m1_0.username=?
Hibernate: select m1_0.username,m1_0.created,m1_0.edited,m1_0.email,m1_0.enabled,m1_0.password,m1_0.member_approved,m1_0.member_city,m1_0.member_fname,m1_0.member_lname,m1_0.member_ranking,m1_0.street,m1_0.member_zip,r1_0.user_with_roles_username,r1_0.roles from user_with_roles m1_0 left join security_role r1_0 on m1_0.username=r1_0.user_with_roles_username where m1_0.discriminator_type='Member' and m1_0.username=?
]]></system-out>
  </testcase>
  <testcase name="testEditMemberChangePrimaryKey" classname="dat3.cars.service.MemberServiceH2Test" time="0.163">
    <system-out><![CDATA[Hibernate: select m1_0.username,m1_0.created,m1_0.edited,m1_0.email,m1_0.enabled,m1_0.password,m1_0.member_approved,m1_0.member_city,m1_0.member_fname,m1_0.member_lname,m1_0.member_ranking,m1_0.street,m1_0.member_zip,r1_0.user_with_roles_username,r1_0.roles from user_with_roles m1_0 left join security_role r1_0 on m1_0.username=r1_0.user_with_roles_username where m1_0.discriminator_type='Member' and m1_0.username=?
Hibernate: select m1_0.username,m1_0.created,m1_0.edited,m1_0.email,m1_0.enabled,m1_0.password,m1_0.member_approved,m1_0.member_city,m1_0.member_fname,m1_0.member_lname,m1_0.member_ranking,m1_0.street,m1_0.member_zip,r1_0.user_with_roles_username,r1_0.roles from user_with_roles m1_0 left join security_role r1_0 on m1_0.username=r1_0.user_with_roles_username where m1_0.discriminator_type='Member' and m1_0.username=?
]]></system-out>
  </testcase>
  <testcase name="testEditMemberNON_ExistingUsername" classname="dat3.cars.service.MemberServiceH2Test" time="0.166">
    <system-out><![CDATA[Hibernate: select m1_0.username,m1_0.created,m1_0.edited,m1_0.email,m1_0.enabled,m1_0.password,m1_0.member_approved,m1_0.member_city,m1_0.member_fname,m1_0.member_lname,m1_0.member_ranking,m1_0.street,m1_0.member_zip,r1_0.user_with_roles_username,r1_0.roles from user_with_roles m1_0 left join security_role r1_0 on m1_0.username=r1_0.user_with_roles_username where m1_0.discriminator_type='Member' and m1_0.username=?
Hibernate: select m1_0.username,m1_0.created,m1_0.edited,m1_0.email,m1_0.enabled,m1_0.password,m1_0.member_approved,m1_0.member_city,m1_0.member_fname,m1_0.member_lname,m1_0.member_ranking,m1_0.street,m1_0.member_zip,r1_0.user_with_roles_username,r1_0.roles from user_with_roles m1_0 left join security_role r1_0 on m1_0.username=r1_0.user_with_roles_username where m1_0.discriminator_type='Member' and m1_0.username=?
Hibernate: select m1_0.username,m1_0.created,m1_0.edited,m1_0.email,m1_0.enabled,m1_0.password,m1_0.member_approved,m1_0.member_city,m1_0.member_fname,m1_0.member_lname,m1_0.member_ranking,m1_0.street,m1_0.member_zip,r1_0.user_with_roles_username,r1_0.roles from user_with_roles m1_0 left join security_role r1_0 on m1_0.username=r1_0.user_with_roles_username where m1_0.discriminator_type='Member' and m1_0.username=?
]]></system-out>
  </testcase>
  <testcase name="testAddMember_UserDoesNotExist" classname="dat3.cars.service.MemberServiceH2Test" time="0.289">
    <system-out><![CDATA[Hibernate: select m1_0.username,m1_0.created,m1_0.edited,m1_0.email,m1_0.enabled,m1_0.password,m1_0.member_approved,m1_0.member_city,m1_0.member_fname,m1_0.member_lname,m1_0.member_ranking,m1_0.street,m1_0.member_zip,r1_0.user_with_roles_username,r1_0.roles from user_with_roles m1_0 left join security_role r1_0 on m1_0.username=r1_0.user_with_roles_username where m1_0.discriminator_type='Member' and m1_0.username=?
Hibernate: select m1_0.username,m1_0.created,m1_0.edited,m1_0.email,m1_0.enabled,m1_0.password,m1_0.member_approved,m1_0.member_city,m1_0.member_fname,m1_0.member_lname,m1_0.member_ranking,m1_0.street,m1_0.member_zip,r1_0.user_with_roles_username,r1_0.roles from user_with_roles m1_0 left join security_role r1_0 on m1_0.username=r1_0.user_with_roles_username where m1_0.discriminator_type='Member' and m1_0.username=?
Hibernate: insert into user_with_roles (created,edited,email,enabled,password,member_approved,member_city,member_fname,member_lname,member_ranking,street,member_zip,discriminator_type,username) values (?,?,?,?,?,?,?,?,?,?,?,?,'Member',?)
Hibernate: insert into user_with_roles (created,edited,email,enabled,password,member_approved,member_city,member_fname,member_lname,member_ranking,street,member_zip,discriminator_type,username) values (?,?,?,?,?,?,?,?,?,?,?,?,'Member',?)
Hibernate: select count(*) from user_with_roles m1_0 where m1_0.username=? and m1_0.discriminator_type='Member'
Hibernate: select m1_0.username,m1_0.created,m1_0.edited,m1_0.email,m1_0.enabled,m1_0.password,m1_0.member_approved,m1_0.member_city,m1_0.member_fname,m1_0.member_lname,m1_0.member_ranking,m1_0.street,m1_0.member_zip,r1_0.user_with_roles_username,r1_0.roles from user_with_roles m1_0 left join security_role r1_0 on m1_0.username=r1_0.user_with_roles_username where m1_0.discriminator_type='Member' and m1_0.username=?
Hibernate: insert into user_with_roles (created,edited,email,enabled,password,member_approved,member_city,member_fname,member_lname,member_ranking,street,member_zip,discriminator_type,username) values (?,?,?,?,?,?,?,?,?,?,?,?,'Member',?)
Hibernate: select count(*) from user_with_roles m1_0 where m1_0.username=? and m1_0.discriminator_type='Member'
]]></system-out>
  </testcase>
  <testcase name="testEditMemberWithExistingUsername" classname="dat3.cars.service.MemberServiceH2Test" time="0.248">
    <system-out><![CDATA[Hibernate: select m1_0.username,m1_0.created,m1_0.edited,m1_0.email,m1_0.enabled,m1_0.password,m1_0.member_approved,m1_0.member_city,m1_0.member_fname,m1_0.member_lname,m1_0.member_ranking,m1_0.street,m1_0.member_zip,r1_0.user_with_roles_username,r1_0.roles from user_with_roles m1_0 left join security_role r1_0 on m1_0.username=r1_0.user_with_roles_username where m1_0.discriminator_type='Member' and m1_0.username=?
Hibernate: select m1_0.username,m1_0.created,m1_0.edited,m1_0.email,m1_0.enabled,m1_0.password,m1_0.member_approved,m1_0.member_city,m1_0.member_fname,m1_0.member_lname,m1_0.member_ranking,m1_0.street,m1_0.member_zip,r1_0.user_with_roles_username,r1_0.roles from user_with_roles m1_0 left join security_role r1_0 on m1_0.username=r1_0.user_with_roles_username where m1_0.discriminator_type='Member' and m1_0.username=?
Hibernate: insert into user_with_roles (created,edited,email,enabled,password,member_approved,member_city,member_fname,member_lname,member_ranking,street,member_zip,discriminator_type,username) values (?,?,?,?,?,?,?,?,?,?,?,?,'Member',?)
Hibernate: insert into user_with_roles (created,edited,email,enabled,password,member_approved,member_city,member_fname,member_lname,member_ranking,street,member_zip,discriminator_type,username) values (?,?,?,?,?,?,?,?,?,?,?,?,'Member',?)
Hibernate: update user_with_roles set created=?,edited=?,email=?,enabled=?,password=?,member_approved=?,member_city=?,member_fname=?,member_lname=?,member_ranking=?,street=?,member_zip=? where username=?
]]></system-out>
  </testcase>
  <testcase name="testFindByIdNotFound" classname="dat3.cars.service.MemberServiceH2Test" time="0.155">
    <system-out><![CDATA[Hibernate: select m1_0.username,m1_0.created,m1_0.edited,m1_0.email,m1_0.enabled,m1_0.password,m1_0.member_approved,m1_0.member_city,m1_0.member_fname,m1_0.member_lname,m1_0.member_ranking,m1_0.street,m1_0.member_zip,r1_0.user_with_roles_username,r1_0.roles from user_with_roles m1_0 left join security_role r1_0 on m1_0.username=r1_0.user_with_roles_username where m1_0.discriminator_type='Member' and m1_0.username=?
Hibernate: select m1_0.username,m1_0.created,m1_0.edited,m1_0.email,m1_0.enabled,m1_0.password,m1_0.member_approved,m1_0.member_city,m1_0.member_fname,m1_0.member_lname,m1_0.member_ranking,m1_0.street,m1_0.member_zip,r1_0.user_with_roles_username,r1_0.roles from user_with_roles m1_0 left join security_role r1_0 on m1_0.username=r1_0.user_with_roles_username where m1_0.discriminator_type='Member' and m1_0.username=?
Hibernate: select m1_0.username,m1_0.created,m1_0.edited,m1_0.email,m1_0.enabled,m1_0.password,m1_0.member_approved,m1_0.member_city,m1_0.member_fname,m1_0.member_lname,m1_0.member_ranking,m1_0.street,m1_0.member_zip,r1_0.user_with_roles_username,r1_0.roles from user_with_roles m1_0 left join security_role r1_0 on m1_0.username=r1_0.user_with_roles_username where m1_0.discriminator_type='Member' and m1_0.username=?
]]></system-out>
  </testcase>
  <testcase name="testAddMember_UserDoesExist" classname="dat3.cars.service.MemberServiceH2Test" time="0.164">
    <system-out><![CDATA[Hibernate: select m1_0.username,m1_0.created,m1_0.edited,m1_0.email,m1_0.enabled,m1_0.password,m1_0.member_approved,m1_0.member_city,m1_0.member_fname,m1_0.member_lname,m1_0.member_ranking,m1_0.street,m1_0.member_zip,r1_0.user_with_roles_username,r1_0.roles from user_with_roles m1_0 left join security_role r1_0 on m1_0.username=r1_0.user_with_roles_username where m1_0.discriminator_type='Member' and m1_0.username=?
Hibernate: select m1_0.username,m1_0.created,m1_0.edited,m1_0.email,m1_0.enabled,m1_0.password,m1_0.member_approved,m1_0.member_city,m1_0.member_fname,m1_0.member_lname,m1_0.member_ranking,m1_0.street,m1_0.member_zip,r1_0.user_with_roles_username,r1_0.roles from user_with_roles m1_0 left join security_role r1_0 on m1_0.username=r1_0.user_with_roles_username where m1_0.discriminator_type='Member' and m1_0.username=?
Hibernate: insert into user_with_roles (created,edited,email,enabled,password,member_approved,member_city,member_fname,member_lname,member_ranking,street,member_zip,discriminator_type,username) values (?,?,?,?,?,?,?,?,?,?,?,?,'Member',?)
Hibernate: insert into user_with_roles (created,edited,email,enabled,password,member_approved,member_city,member_fname,member_lname,member_ranking,street,member_zip,discriminator_type,username) values (?,?,?,?,?,?,?,?,?,?,?,?,'Member',?)
Hibernate: select count(*) from user_with_roles m1_0 where m1_0.username=? and m1_0.discriminator_type='Member'
]]></system-out>
  </testcase>
  <testcase name="testFindByIdFound" classname="dat3.cars.service.MemberServiceH2Test" time="0.157">
    <system-out><![CDATA[Hibernate: select m1_0.username,m1_0.created,m1_0.edited,m1_0.email,m1_0.enabled,m1_0.password,m1_0.member_approved,m1_0.member_city,m1_0.member_fname,m1_0.member_lname,m1_0.member_ranking,m1_0.street,m1_0.member_zip,r1_0.user_with_roles_username,r1_0.roles from user_with_roles m1_0 left join security_role r1_0 on m1_0.username=r1_0.user_with_roles_username where m1_0.discriminator_type='Member' and m1_0.username=?
Hibernate: select m1_0.username,m1_0.created,m1_0.edited,m1_0.email,m1_0.enabled,m1_0.password,m1_0.member_approved,m1_0.member_city,m1_0.member_fname,m1_0.member_lname,m1_0.member_ranking,m1_0.street,m1_0.member_zip,r1_0.user_with_roles_username,r1_0.roles from user_with_roles m1_0 left join security_role r1_0 on m1_0.username=r1_0.user_with_roles_username where m1_0.discriminator_type='Member' and m1_0.username=?
]]></system-out>
  </testcase>
  <testcase name="testGetMembersNoDetails" classname="dat3.cars.service.MemberServiceH2Test" time="0.159">
    <system-out><![CDATA[Hibernate: select m1_0.username,m1_0.created,m1_0.edited,m1_0.email,m1_0.enabled,m1_0.password,m1_0.member_approved,m1_0.member_city,m1_0.member_fname,m1_0.member_lname,m1_0.member_ranking,m1_0.street,m1_0.member_zip,r1_0.user_with_roles_username,r1_0.roles from user_with_roles m1_0 left join security_role r1_0 on m1_0.username=r1_0.user_with_roles_username where m1_0.discriminator_type='Member' and m1_0.username=?
Hibernate: select m1_0.username,m1_0.created,m1_0.edited,m1_0.email,m1_0.enabled,m1_0.password,m1_0.member_approved,m1_0.member_city,m1_0.member_fname,m1_0.member_lname,m1_0.member_ranking,m1_0.street,m1_0.member_zip,r1_0.user_with_roles_username,r1_0.roles from user_with_roles m1_0 left join security_role r1_0 on m1_0.username=r1_0.user_with_roles_username where m1_0.discriminator_type='Member' and m1_0.username=?
Hibernate: insert into user_with_roles (created,edited,email,enabled,password,member_approved,member_city,member_fname,member_lname,member_ranking,street,member_zip,discriminator_type,username) values (?,?,?,?,?,?,?,?,?,?,?,?,'Member',?)
Hibernate: insert into user_with_roles (created,edited,email,enabled,password,member_approved,member_city,member_fname,member_lname,member_ranking,street,member_zip,discriminator_type,username) values (?,?,?,?,?,?,?,?,?,?,?,?,'Member',?)
Hibernate: select m1_0.username,m1_0.created,m1_0.edited,m1_0.email,m1_0.enabled,m1_0.password,m1_0.member_approved,m1_0.member_city,m1_0.member_fname,m1_0.member_lname,m1_0.member_ranking,m1_0.street,m1_0.member_zip from user_with_roles m1_0 where m1_0.discriminator_type='Member'
]]></system-out>
  </testcase>
  <testcase name="testSetRankingForNoExistingUser" classname="dat3.cars.service.MemberServiceH2Test" time="0.166">
    <system-out><![CDATA[Hibernate: select m1_0.username,m1_0.created,m1_0.edited,m1_0.email,m1_0.enabled,m1_0.password,m1_0.member_approved,m1_0.member_city,m1_0.member_fname,m1_0.member_lname,m1_0.member_ranking,m1_0.street,m1_0.member_zip,r1_0.user_with_roles_username,r1_0.roles from user_with_roles m1_0 left join security_role r1_0 on m1_0.username=r1_0.user_with_roles_username where m1_0.discriminator_type='Member' and m1_0.username=?
Hibernate: select m1_0.username,m1_0.created,m1_0.edited,m1_0.email,m1_0.enabled,m1_0.password,m1_0.member_approved,m1_0.member_city,m1_0.member_fname,m1_0.member_lname,m1_0.member_ranking,m1_0.street,m1_0.member_zip,r1_0.user_with_roles_username,r1_0.roles from user_with_roles m1_0 left join security_role r1_0 on m1_0.username=r1_0.user_with_roles_username where m1_0.discriminator_type='Member' and m1_0.username=?
Hibernate: select m1_0.username,m1_0.created,m1_0.edited,m1_0.email,m1_0.enabled,m1_0.password,m1_0.member_approved,m1_0.member_city,m1_0.member_fname,m1_0.member_lname,m1_0.member_ranking,m1_0.street,m1_0.member_zip,r1_0.user_with_roles_username,r1_0.roles from user_with_roles m1_0 left join security_role r1_0 on m1_0.username=r1_0.user_with_roles_username where m1_0.discriminator_type='Member' and m1_0.username=?
]]></system-out>
  </testcase>
  <testcase name="testDeleteMemberByUsername" classname="dat3.cars.service.MemberServiceH2Test" time="0.157">
    <system-out><![CDATA[Hibernate: select m1_0.username,m1_0.created,m1_0.edited,m1_0.email,m1_0.enabled,m1_0.password,m1_0.member_approved,m1_0.member_city,m1_0.member_fname,m1_0.member_lname,m1_0.member_ranking,m1_0.street,m1_0.member_zip,r1_0.user_with_roles_username,r1_0.roles from user_with_roles m1_0 left join security_role r1_0 on m1_0.username=r1_0.user_with_roles_username where m1_0.discriminator_type='Member' and m1_0.username=?
Hibernate: select m1_0.username,m1_0.created,m1_0.edited,m1_0.email,m1_0.enabled,m1_0.password,m1_0.member_approved,m1_0.member_city,m1_0.member_fname,m1_0.member_lname,m1_0.member_ranking,m1_0.street,m1_0.member_zip,r1_0.user_with_roles_username,r1_0.roles from user_with_roles m1_0 left join security_role r1_0 on m1_0.username=r1_0.user_with_roles_username where m1_0.discriminator_type='Member' and m1_0.username=?
Hibernate: insert into user_with_roles (created,edited,email,enabled,password,member_approved,member_city,member_fname,member_lname,member_ranking,street,member_zip,discriminator_type,username) values (?,?,?,?,?,?,?,?,?,?,?,?,'Member',?)
Hibernate: insert into user_with_roles (created,edited,email,enabled,password,member_approved,member_city,member_fname,member_lname,member_ranking,street,member_zip,discriminator_type,username) values (?,?,?,?,?,?,?,?,?,?,?,?,'Member',?)
Hibernate: delete from user_with_roles where username=?
Hibernate: select count(*) from user_with_roles m1_0 where m1_0.username=? and m1_0.discriminator_type='Member'
]]></system-out>
  </testcase>
</testsuite>